[2026-04-02T21:37:37+05:30] zerowaste watchdog started pid=398029
[2026-04-02T21:37:37+05:30] download_progress bytes=1438085520 expected=7518242799
[2026-04-02T21:38:00+05:30] zerowaste watchdog started pid=398029
[2026-04-02T21:38:00+05:30] download_progress bytes=1490396000 expected=7518242799
[2026-04-02T21:40:01+05:30] download_progress bytes=1702238080 expected=7518242799
[2026-04-02T21:42:01+05:30] download_progress bytes=1891808336 expected=7518242799
[2026-04-02T21:44:01+05:30] download_progress bytes=2100183680 expected=7518242799
[2026-04-02T21:46:01+05:30] download_progress bytes=2287644344 expected=7518242799
[2026-04-02T21:48:01+05:30] download_progress bytes=2454288864 expected=7518242799
[2026-04-02T21:50:01+05:30] download_progress bytes=2690838848 expected=7518242799
[2026-04-02T21:52:01+05:30] download_progress bytes=2940094072 expected=7518242799
[2026-04-02T21:54:01+05:30] download_progress bytes=3189938192 expected=7518242799
[2026-04-02T21:56:01+05:30] download_progress bytes=3439913664 expected=7518242799
[2026-04-02T21:58:01+05:30] download_progress bytes=3676840088 expected=7518242799
[2026-04-02T22:00:01+05:30] download_progress bytes=3942268224 expected=7518242799
[2026-04-02T22:02:01+05:30] download_progress bytes=4214417024 expected=7518242799
[2026-04-02T22:04:01+05:30] download_progress bytes=4454908104 expected=7518242799
[2026-04-02T22:06:01+05:30] download_progress bytes=4691327128 expected=7518242799
[2026-04-02T22:08:01+05:30] download_progress bytes=4893095824 expected=7518242799
[2026-04-02T22:10:01+05:30] download_progress bytes=5086247056 expected=7518242799
[2026-04-02T22:12:01+05:30] download_progress bytes=5290762912 expected=7518242799
[2026-04-02T22:14:01+05:30] download_progress bytes=5512939264 expected=7518242799
[2026-04-02T22:16:01+05:30] download_progress bytes=5720464112 expected=7518242799
[2026-04-02T22:18:01+05:30] download_progress bytes=5923721264 expected=7518242799
[2026-04-02T22:20:01+05:30] download_progress bytes=6189328872 expected=7518242799
[2026-04-02T22:22:01+05:30] download_progress bytes=6430555536 expected=7518242799
[2026-04-02T22:24:01+05:30] download_progress bytes=6624868152 expected=7518242799
[2026-04-02T22:26:01+05:30] download_progress bytes=6803670560 expected=7518242799
[2026-04-02T22:28:01+05:30] download_progress bytes=6975866904 expected=7518242799
[2026-04-02T22:30:01+05:30] download_progress bytes=7160521816 expected=7518242799
[2026-04-02T22:32:01+05:30] download_progress bytes=7340764848 expected=7518242799
[2026-04-02T22:34:01+05:30] download_finished bytes=7518242799 expected=7518242799
{
  "source_name": "zerowaste",
  "source_url": "https://zenodo.org/records/6412647",
  "imported_at_utc": "2026-04-02T17:04:22.683784+00:00",
  "added_entries": 0,
  "added_by_target_class": {},
  "added_by_source_class": {},
  "skipped_existing": 0,
  "recovered_existing": 0,
  "component_boxes_total": 0,
  "class_map": {
    "rigid_plastic": "plastic",
    "cardboard": "paper",
    "metal": "metal",
    "soft_plastic": "plastic"
  },
  "auto_split_manifest": {
    "source_samples": 168430,
    "train_samples": 117886,
    "val_samples": 33691,
    "test_samples": 16853
  }
}
[2026-04-02T22:34:23+05:30] zerowaste watchdog import_finished
